[16:23:10] [ServerMain/INFO]: [bootstrap] Running Java 21 (OpenJDK 64-Bit Server VM 21.0.6+7-LTS; Microsoft Microsoft-10800198) on Linux 6.8.0-1027-azure (amd64)
[16:23:10] [ServerMain/INFO]: [bootstrap] Loading Paper 1.21.5-87-main@fa360aa (2025-05-18T22:35:50Z) for Minecraft 1.21.5
[16:23:10] [ServerMain/INFO]: [PluginInitializerManager] Initializing plugins...
[16:23:10] [ServerMain/INFO]: [PluginInitializerManager] Initialized 0 plugins
[16:23:18] [ServerMain/INFO]: Environment: Environment[sessionHost=https://sessionserver.mojang.com, servicesHost=https://api.minecraftservices.com, name=PROD]
[16:23:18] [ServerMain/INFO]: Found new data pack file/bukkit, loading it automatically
[16:23:18] [ServerMain/INFO]: Found new data pack paper, loading it automatically
[16:23:20] [ServerMain/INFO]: No existing world data, creating new world
[16:23:21] [ServerMain/INFO]: Loaded 1373 recipes
[16:23:21] [ServerMain/INFO]: Loaded 1484 advancements
[16:23:21] [Server thread/INFO]: Starting minecraft server version 1.21.5
[16:23:21] [Server thread/INFO]: Loading properties
[16:23:21] [Server thread/INFO]: This server is running Paper version 1.21.5-87-main@fa360aa (2025-05-18T22:35:50Z) (Implementing API version 1.21.5-R0.1-SNAPSHOT)
[16:23:22] [Server thread/INFO]: [spark] This server bundles the spark profiler. For more information please visit https://docs.papermc.io/paper/profiling
[16:23:22] [Server thread/INFO]: Server Ping Player Sample Count: 12
[16:23:22] [Server thread/INFO]: Using 4 threads for Netty based IO
[16:23:23] [Server thread/INFO]: [MoonriseCommon] Paper is using 1 worker threads, 1 I/O threads
[16:23:23] [Server thread/INFO]: [ChunkTaskScheduler] Chunk system is using population gen parallelism: true
[16:23:24] [Server thread/INFO]: Default game type: SURVIVAL
[16:23:24] [Server thread/INFO]: Generating keypair
[16:23:24] [Server thread/INFO]: Starting Minecraft server on *:25565
[16:23:24] [Server thread/INFO]: Using epoll channel type
[16:23:24] [Server thread/INFO]: Paper: Using libdeflate (Linux x86_64) compression from Velocity.
[16:23:24] [Server thread/INFO]: Paper: Using OpenSSL 1.1.x (Linux x86_64) cipher from Velocity.
[16:23:24] [Server thread/INFO]: Preparing level "world"
[16:23:39] [Server thread/INFO]: Preparing start region for dimension minecraft:overworld
[16:23:39] [Server thread/INFO]: Preparing spawn area: 2%
[16:23:40] [Server thread/INFO]: Preparing spawn area: 2%
[16:23:40] [Server thread/INFO]: Preparing spawn area: 2%
[16:23:41] [Server thread/INFO]: Preparing spawn area: 2%
[16:23:41] [Server thread/INFO]: Preparing spawn area: 2%
[16:23:42] [Server thread/INFO]: Preparing spawn area: 2%
[16:23:42] [Server thread/INFO]: Preparing spawn area: 2%
[16:23:43] [Server thread/INFO]: Preparing spawn area: 2%
[16:23:43] [Server thread/INFO]: Preparing spawn area: 2%
[16:23:44] [Server thread/INFO]: Preparing spawn area: 4%
[16:23:44] [Server thread/INFO]: Preparing spawn area: 10%
[16:23:45] [Server thread/INFO]: Preparing spawn area: 14%
[16:23:45] [Server thread/INFO]: Preparing spawn area: 18%
[16:23:46] [Server thread/INFO]: Preparing spawn area: 18%
[16:23:46] [Server thread/INFO]: Preparing spawn area: 18%
[16:23:47] [Server thread/INFO]: Preparing spawn area: 18%
[16:23:47] [Server thread/INFO]: Preparing spawn area: 26%
[16:23:48] [Server thread/INFO]: Preparing spawn area: 38%
[16:23:48] [Server thread/INFO]: Preparing spawn area: 51%
[16:23:49] [Server thread/INFO]: Preparing spawn area: 53%
[16:23:49] [Server thread/INFO]: Preparing spawn area: 63%
[16:23:50] [Server thread/INFO]: Preparing spawn area: 63%
[16:23:50] [Server thread/INFO]: Preparing spawn area: 65%
[16:23:51] [Server thread/INFO]: Time elapsed: 11464 ms
[16:23:51] [Server thread/INFO]: Preparing start region for dimension minecraft:the_nether
[16:23:51] [Server thread/INFO]: Preparing spawn area: 2%
[16:23:51] [Server thread/INFO]: Preparing spawn area: 2%
[16:23:52] [Server thread/INFO]: Preparing spawn area: 18%
[16:23:52] [Server thread/INFO]: Preparing spawn area: 24%
[16:23:53] [Server thread/INFO]: Preparing spawn area: 51%
[16:23:53] [Server thread/INFO]: Preparing spawn area: 79%
[16:23:53] [Server thread/INFO]: Time elapsed: 2575 ms
[16:23:53] [Server thread/INFO]: Preparing start region for dimension minecraft:the_end
[16:23:53] [Server thread/INFO]: Preparing spawn area: 2%
[16:23:54] [Server thread/INFO]: Preparing spawn area: 26%
[16:23:54] [Server thread/INFO]: Time elapsed: 805 ms
[16:23:54] [Server thread/INFO]: [spark] Starting background profiler...
[16:23:54] [Server thread/INFO]: Done preparing level "world" (30.521s)
[16:23:54] [Server thread/INFO]: Running delayed init tasks
[16:23:54] [Server thread/INFO]: Done (45.621s)! For help, type "help"
[16:23:54] [Server thread/INFO]: *************************************************************************************
[16:23:54] [Server thread/INFO]: This is the first time you're starting this server.
[16:23:54] [Server thread/INFO]: It's recommended you read our 'Getting Started' documentation for guidance.
[16:23:54] [Server thread/INFO]: View this and more helpful information here: https://docs.papermc.io/paper/next-steps
[16:23:54] [Server thread/INFO]: *************************************************************************************
[16:28:49] [Server thread/INFO]: Stopping the server
[16:28:49] [Server thread/INFO]: Stopping server
[16:28:49] [Server thread/INFO]: Saving players
[16:28:49] [Server thread/INFO]: Saving worlds
[16:28:49] [Server thread/INFO]: Saving chunks for level 'ServerLevel[world]'/minecraft:overworld
[16:28:49] [Server thread/INFO]: [ChunkHolderManager] Waiting 60s for chunk system to halt for world 'world'
[16:28:49] [Server thread/INFO]: [ChunkHolderManager] Halted chunk system for world 'world'
[16:28:49] [Server thread/INFO]: [ChunkHolderManager] Saving all chunkholders for world 'world'
[16:28:51] [Server thread/INFO]: [ChunkHolderManager] Saved 841 block chunks, 49 entity chunks, 1 poi chunks in world 'world' in 2.08s
[16:28:51] [Server thread/INFO]: [ChunkHolderManager] Waiting 60s for chunk I/O to halt for world 'world'
[16:28:51] [Server thread/INFO]: [ChunkHolderManager] Halted I/O scheduler for world 'world'
[16:28:52] [Server thread/INFO]: Saving chunks for level 'ServerLevel[world_nether]'/minecraft:the_nether
[16:28:52] [Server thread/INFO]: [ChunkHolderManager] Waiting 60s for chunk system to halt for world 'world_nether'
[16:28:52] [Server thread/INFO]: [ChunkHolderManager] Halted chunk system for world 'world_nether'
[16:28:52] [Server thread/INFO]: [ChunkHolderManager] Saving all chunkholders for world 'world_nether'
[16:28:52] [Server thread/INFO]: [ChunkHolderManager] Saved 841 block chunks, 49 entity chunks, 0 poi chunks in world 'world_nether' in 0.84s
[16:28:52] [Server thread/INFO]: [ChunkHolderManager] Waiting 60s for chunk I/O to halt for world 'world_nether'
[16:28:52] [Server thread/INFO]: [ChunkHolderManager] Halted I/O scheduler for world 'world_nether'
[16:28:52] [Server thread/INFO]: Saving chunks for level 'ServerLevel[world_the_end]'/minecraft:the_end
[16:28:52] [Server thread/INFO]: [ChunkHolderManager] Waiting 60s for chunk system to halt for world 'world_the_end'
[16:28:52] [Server thread/INFO]: [ChunkHolderManager] Halted chunk system for world 'world_the_end'
[16:28:52] [Server thread/INFO]: [ChunkHolderManager] Saving all chunkholders for world 'world_the_end'
[16:28:53] [Server thread/INFO]: [ChunkHolderManager] Saved 841 block chunks, 49 entity chunks, 0 poi chunks in world 'world_the_end' in 0.51s
[16:28:53] [Server thread/INFO]: [ChunkHolderManager] Waiting 60s for chunk I/O to halt for world 'world_the_end'
[16:28:53] [Server thread/INFO]: [ChunkHolderManager] Halted I/O scheduler for world 'world_the_end'
[16:28:53] [Server thread/INFO]: ThreadedAnvilChunkStorage (world): All chunks are saved
[16:28:53] [Server thread/INFO]: ThreadedAnvilChunkStorage (DIM-1): All chunks are saved
[16:28:53] [Server thread/INFO]: ThreadedAnvilChunkStorage (DIM1): All chunks are saved
[16:28:53] [Server thread/INFO]: ThreadedAnvilChunkStorage: All dimensions are saved
[16:28:53] [Server thread/INFO]: Waiting for all RegionFile I/O tasks to complete...
[16:28:53] [Server thread/INFO]: All RegionFile I/O tasks to complete
[16:28:53] [Server thread/INFO]: [MoonriseCommon] Awaiting termination of worker pool for up to 60s...
[16:28:53] [Server thread/INFO]: [MoonriseCommon] Awaiting termination of I/O pool for up to 60s...
